<?xml version="1.0" encoding="UTF-8"?>
<testsuite name="deck.CardDeckTest" tests="3" skipped="0" failures="0" errors="0" timestamp="2018-02-20T14:42:35" hostname="mouhammed-S550CB" time="0.004">
  <properties/>
  <testcase name="dealOneCard" classname="deck.CardDeckTest" time="0.001"/>
  <testcase name="isEmpty" classname="deck.CardDeckTest" time="0.001"/>
  <testcase name="shuffle" classname="deck.CardDeckTest" time="0.001"/>
  <system-out><![CDATA[]]></system-out>
  <system-err><![CDATA[]]></system-err>
</testsuite>
