<?xml version="1.0" encoding="UTF-8"?>
<testsuite name="console.commands.CommandsManagerStdInTest" tests="2" skipped="0" failures="0" errors="0" timestamp="2018-02-20T14:42:35" hostname="mouhammed-S550CB" time="0.008">
  <properties/>
  <testcase name="nextCommand" classname="console.commands.CommandsManagerStdInTest" time="0.007"/>
  <testcase name="invalidCommands" classname="console.commands.CommandsManagerStdInTest" time="0.001"/>
  <system-out><![CDATA[]]></system-out>
  <system-err><![CDATA[]]></system-err>
</testsuite>
